
> fognetx-frontend@0.0.0 dev
> vite --host

Port 5173 is in use, trying another one...
Port 5174 is in use, trying another one...

  VITE v7.3.1  ready in 221 ms

  ➜  Local:   http://localhost:5175/
  ➜  Network: http://192.168.0.108:5175/
  ➜  press h + enter to show help

> fognetx-frontend@0.0.0 dev
> vite --host

Port 5173 is in use, trying another one...
Port 5174 is in use, trying another one...

  VITE v7.3.1  ready in 166 ms

  ➜  Local:   http://localhost:5175/
  ➜  Network: http://192.168.0.108:5175/
  ➜  press h + enter to show help

> fognetx-frontend@0.0.0 dev
> vite --host


  VITE v7.3.1  ready in 166 ms

  ➜  Local:   http://localhost:5173/
  ➜  Network: http://192.168.0.108:5173/
  ➜  press h + enter to show help

> fognetx-frontend@0.0.0 dev
> vite --host


  VITE v7.3.1  ready in 163 ms

  ➜  Local:   http://localhost:5173/
  ➜  Network: http://192.168.0.108:5173/
  ➜  press h + enter to show help

> fognetx-frontend@0.0.0 dev
> vite --host


  VITE v7.3.1  ready in 263 ms

  ➜  Local:   http://localhost:5173/
  ➜  Network: http://192.168.0.108:5173/
  ➜  press h + enter to show help
